This file contains any messages produced by compilers while
running configure, to aid debugging if configure makes a mistake.

It was created by GMAC configure 0.1, which was
generated by GNU Autoconf 2.69.  Invocation command line was

  $ ./configure 

## --------- ##
## Platform. ##
## --------- ##

hostname = M8
uname -m = x86_64
uname -r = 4.4.0-47-generic
uname -s = Linux
uname -v = #68-Ubuntu SMP Wed Oct 26 19:39:52 UTC 2016

/usr/bin/uname -p = unknown
/bin/uname -X     = unknown

/bin/arch              = unknown
/usr/bin/arch -k       = unknown
/usr/convex/getsysinfo = unknown
/usr/bin/hostinfo      = unknown
/bin/machine           = unknown
/usr/bin/oslevel       = unknown
/bin/universe          = unknown

PATH: /home/karthik/bin
PATH: /home/karthik/.local/bin
PATH: /usr/local/sbin
PATH: /usr/local/bin
PATH: /usr/sbin
PATH: /usr/bin
PATH: /sbin
PATH: /bin
PATH: /usr/games
PATH: /usr/local/games
PATH: /snap/bin
PATH: /home/karthik/Tools/jdk1.8.0_111/bin
PATH: JRE_PATH
PATH: /usr/local/cuda-7.5.0/bin
PATH: /usr/local/cuda-7.5/bin


## ----------- ##
## Core tests. ##
## ----------- ##

configure:2413: checking for a BSD-compatible install
configure:2481: result: /usr/bin/install -c
configure:2492: checking whether build environment is sane
configure:2547: result: yes
configure:2698: checking for a thread-safe mkdir -p
configure:2737: result: /bin/mkdir -p
configure:2744: checking for gawk
configure:2774: result: no
configure:2744: checking for mawk
configure:2760: found /usr/bin/mawk
configure:2771: result: mawk
configure:2782: checking whether make sets $(MAKE)
configure:2804: result: yes
configure:2833: checking whether make supports nested variables
configure:2850: result: yes
configure:2989: checking for style of include used by make
configure:3017: result: GNU
configure:3088: checking for gcc
configure:3104: found /usr/bin/gcc
configure:3115: result: gcc
configure:3344: checking for C compiler version
configure:3353: gcc --version >&5
gcc (Ubuntu 4.8.5-4ubuntu2) 4.8.5
Copyright (C) 2015 Free Software Foundation, Inc.
This is free software; see the source for copying conditions.  There is NO
warranty; not even for MERCHANTABILITY or FITNESS FOR A PARTICULAR PURPOSE.

configure:3364: $? = 0
configure:3353: gcc -v >&5
Using built-in specs.
COLLECT_GCC=gcc
COLLECT_LTO_WRAPPER=/usr/lib/gcc/x86_64-linux-gnu/4.8/lto-wrapper
Target: x86_64-linux-gnu
Configured with: ../src/configure -v --with-pkgversion='Ubuntu 4.8.5-4ubuntu2' --with-bugurl=file:///usr/share/doc/gcc-4.8/README.Bugs --enable-languages=c,c++,java,go,d,fortran,objc,obj-c++ --prefix=/usr --program-suffix=-4.8 --enable-shared --enable-linker-build-id --libexecdir=/usr/lib --without-included-gettext --enable-threads=posix --with-gxx-include-dir=/usr/include/c++/4.8 --libdir=/usr/lib --enable-nls --with-sysroot=/ --enable-clocale=gnu --enable-libstdcxx-debug --enable-libstdcxx-time=yes --enable-gnu-unique-object --disable-libmudflap --enable-plugin --with-system-zlib --disable-browser-plugin --enable-java-awt=gtk --enable-gtk-cairo --with-java-home=/usr/lib/jvm/java-1.5.0-gcj-4.8-amd64/jre --enable-java-home --with-jvm-root-dir=/usr/lib/jvm/java-1.5.0-gcj-4.8-amd64 --with-jvm-jar-dir=/usr/lib/jvm-exports/java-1.5.0-gcj-4.8-amd64 --with-arch-directory=amd64 --with-ecj-jar=/usr/share/java/eclipse-ecj.jar --enable-objc-gc --enable-multiarch --disable-werror --with-arch-32=i686 --with-abi=m64 --with-multilib-list=m32,m64,mx32 --with-tune=generic --enable-checking=release --build=x86_64-linux-gnu --host=x86_64-linux-gnu --target=x86_64-linux-gnu
Thread model: posix
gcc version 4.8.5 (Ubuntu 4.8.5-4ubuntu2) 
configure:3364: $? = 0
configure:3353: gcc -V >&5
gcc: error: unrecognized command line option '-V'
gcc: fatal error: no input files
compilation terminated.
configure:3364: $? = 4
configure:3353: gcc -qversion >&5
gcc: error: unrecognized command line option '-qversion'
gcc: fatal error: no input files
compilation terminated.
configure:3364: $? = 4
configure:3384: checking whether the C compiler works
configure:3406: gcc    conftest.c  >&5
configure:3410: $? = 0
configure:3458: result: yes
configure:3461: checking for C compiler default output file name
configure:3463: result: a.out
configure:3469: checking for suffix of executables
configure:3476: gcc -o conftest    conftest.c  >&5
configure:3480: $? = 0
configure:3502: result: 
configure:3524: checking whether we are cross compiling
configure:3532: gcc -o conftest    conftest.c  >&5
configure:3536: $? = 0
configure:3543: ./conftest
configure:3547: $? = 0
configure:3562: result: no
configure:3567: checking for suffix of object files
configure:3589: gcc -c   conftest.c >&5
configure:3593: $? = 0
configure:3614: result: o
configure:3618: checking whether we are using the GNU C compiler
configure:3637: gcc -c   conftest.c >&5
configure:3637: $? = 0
configure:3646: result: yes
configure:3655: checking whether gcc accepts -g
configure:3675: gcc -c -g  conftest.c >&5
configure:3675: $? = 0
configure:3716: result: yes
configure:3733: checking for gcc option to accept ISO C89
configure:3796: gcc  -c -g -O2  conftest.c >&5
configure:3796: $? = 0
configure:3809: result: none needed
configure:3834: checking whether gcc understands -c and -o together
configure:3856: gcc -c conftest.c -o conftest2.o
configure:3859: $? = 0
configure:3856: gcc -c conftest.c -o conftest2.o
configure:3859: $? = 0
configure:3871: result: yes
configure:3890: checking dependency style of gcc
configure:4001: result: gcc3
configure:4022: checking how to run the C preprocessor
configure:4053: gcc -E  conftest.c
configure:4053: $? = 0
configure:4067: gcc -E  conftest.c
conftest.c:11:28: fatal error: ac_nonexistent.h: No such file or directory
 #include <ac_nonexistent.h>
                            ^
compilation terminated.
configure:4067: $? = 1
configure: failed program was:
| /* confdefs.h */
| #define PACKAGE_NAME "GMAC"
| #define PACKAGE_TARNAME "netgpu"
| #define PACKAGE_VERSION "0.1"
| #define PACKAGE_STRING "GMAC 0.1"
| #define PACKAGE_BUGREPORT "marcdevel@gmail.com"
| #define PACKAGE_URL ""
| #define PACKAGE "netgpu"
| #define VERSION "0.1"
| /* end confdefs.h.  */
| #include <ac_nonexistent.h>
configure:4092: result: gcc -E
configure:4112: gcc -E  conftest.c
configure:4112: $? = 0
configure:4126: gcc -E  conftest.c
conftest.c:11:28: fatal error: ac_nonexistent.h: No such file or directory
 #include <ac_nonexistent.h>
                            ^
compilation terminated.
configure:4126: $? = 1
configure: failed program was:
| /* confdefs.h */
| #define PACKAGE_NAME "GMAC"
| #define PACKAGE_TARNAME "netgpu"
| #define PACKAGE_VERSION "0.1"
| #define PACKAGE_STRING "GMAC 0.1"
| #define PACKAGE_BUGREPORT "marcdevel@gmail.com"
| #define PACKAGE_URL ""
| #define PACKAGE "netgpu"
| #define VERSION "0.1"
| /* end confdefs.h.  */
| #include <ac_nonexistent.h>
configure:4155: checking for grep that handles long lines and -e
configure:4213: result: /bin/grep
configure:4218: checking for egrep
configure:4280: result: /bin/grep -E
configure:4285: checking for ANSI C header files
configure:4305: gcc -c -g -O2  conftest.c >&5
configure:4305: $? = 0
configure:4378: gcc -o conftest -g -O2   conftest.c  >&5
configure:4378: $? = 0
configure:4378: ./conftest
configure:4378: $? = 0
configure:4389: result: yes
configure:4402: checking for sys/types.h
configure:4402: gcc -c -g -O2  conftest.c >&5
configure:4402: $? = 0
configure:4402: result: yes
configure:4402: checking for sys/stat.h
configure:4402: gcc -c -g -O2  conftest.c >&5
configure:4402: $? = 0
configure:4402: result: yes
configure:4402: checking for stdlib.h
configure:4402: gcc -c -g -O2  conftest.c >&5
configure:4402: $? = 0
configure:4402: result: yes
configure:4402: checking for string.h
configure:4402: gcc -c -g -O2  conftest.c >&5
configure:4402: $? = 0
configure:4402: result: yes
configure:4402: checking for memory.h
configure:4402: gcc -c -g -O2  conftest.c >&5
configure:4402: $? = 0
configure:4402: result: yes
configure:4402: checking for strings.h
configure:4402: gcc -c -g -O2  conftest.c >&5
configure:4402: $? = 0
configure:4402: result: yes
configure:4402: checking for inttypes.h
configure:4402: gcc -c -g -O2  conftest.c >&5
configure:4402: $? = 0
configure:4402: result: yes
configure:4402: checking for stdint.h
configure:4402: gcc -c -g -O2  conftest.c >&5
configure:4402: $? = 0
configure:4402: result: yes
configure:4402: checking for unistd.h
configure:4402: gcc -c -g -O2  conftest.c >&5
configure:4402: $? = 0
configure:4402: result: yes
configure:4415: checking minix/config.h usability
configure:4415: gcc -c -g -O2  conftest.c >&5
conftest.c:54:26: fatal error: minix/config.h: No such file or directory
 #include <minix/config.h>
                          ^
compilation terminated.
configure:4415: $? = 1
configure: failed program was:
| /* confdefs.h */
| #define PACKAGE_NAME "GMAC"
| #define PACKAGE_TARNAME "netgpu"
| #define PACKAGE_VERSION "0.1"
| #define PACKAGE_STRING "GMAC 0.1"
| #define PACKAGE_BUGREPORT "marcdevel@gmail.com"
| #define PACKAGE_URL ""
| #define PACKAGE "netgpu"
| #define VERSION "0.1"
| #define STDC_HEADERS 1
| #define HAVE_SYS_TYPES_H 1
| #define HAVE_SYS_STAT_H 1
| #define HAVE_STDLIB_H 1
| #define HAVE_STRING_H 1
| #define HAVE_MEMORY_H 1
| #define HAVE_STRINGS_H 1
| #define HAVE_INTTYPES_H 1
| #define HAVE_STDINT_H 1
| #define HAVE_UNISTD_H 1
| /* end confdefs.h.  */
| #include <stdio.h>
| #ifdef HAVE_SYS_TYPES_H
| # include <sys/types.h>
| #endif
| #ifdef HAVE_SYS_STAT_H
| # include <sys/stat.h>
| #endif
| #ifdef STDC_HEADERS
| # include <stdlib.h>
| # include <stddef.h>
| #else
| # ifdef HAVE_STDLIB_H
| #  include <stdlib.h>
| # endif
| #endif
| #ifdef HAVE_STRING_H
| # if !defined STDC_HEADERS && defined HAVE_MEMORY_H
| #  include <memory.h>
| # endif
| # include <string.h>
| #endif
| #ifdef HAVE_STRINGS_H
| # include <strings.h>
| #endif
| #ifdef HAVE_INTTYPES_H
| # include <inttypes.h>
| #endif
| #ifdef HAVE_STDINT_H
| # include <stdint.h>
| #endif
| #ifdef HAVE_UNISTD_H
| # include <unistd.h>
| #endif
| #include <minix/config.h>
configure:4415: result: no
configure:4415: checking minix/config.h presence
configure:4415: gcc -E  conftest.c
conftest.c:21:26: fatal error: minix/config.h: No such file or directory
 #include <minix/config.h>
                          ^
compilation terminated.
configure:4415: $? = 1
configure: failed program was:
| /* confdefs.h */
| #define PACKAGE_NAME "GMAC"
| #define PACKAGE_TARNAME "netgpu"
| #define PACKAGE_VERSION "0.1"
| #define PACKAGE_STRING "GMAC 0.1"
| #define PACKAGE_BUGREPORT "marcdevel@gmail.com"
| #define PACKAGE_URL ""
| #define PACKAGE "netgpu"
| #define VERSION "0.1"
| #define STDC_HEADERS 1
| #define HAVE_SYS_TYPES_H 1
| #define HAVE_SYS_STAT_H 1
| #define HAVE_STDLIB_H 1
| #define HAVE_STRING_H 1
| #define HAVE_MEMORY_H 1
| #define HAVE_STRINGS_H 1
| #define HAVE_INTTYPES_H 1
| #define HAVE_STDINT_H 1
| #define HAVE_UNISTD_H 1
| /* end confdefs.h.  */
| #include <minix/config.h>
configure:4415: result: no
configure:4415: checking for minix/config.h
configure:4415: result: no
configure:4436: checking whether it is safe to define __EXTENSIONS__
configure:4454: gcc -c -g -O2  conftest.c >&5
configure:4454: $? = 0
configure:4461: result: yes
configure:4527: checking for gcc
configure:4554: result: gcc
configure:4783: checking for C compiler version
configure:4792: gcc --version >&5
gcc (Ubuntu 4.8.5-4ubuntu2) 4.8.5
Copyright (C) 2015 Free Software Foundation, Inc.
This is free software; see the source for copying conditions.  There is NO
warranty; not even for MERCHANTABILITY or FITNESS FOR A PARTICULAR PURPOSE.

configure:4803: $? = 0
configure:4792: gcc -v >&5
Using built-in specs.
COLLECT_GCC=gcc
COLLECT_LTO_WRAPPER=/usr/lib/gcc/x86_64-linux-gnu/4.8/lto-wrapper
Target: x86_64-linux-gnu
Configured with: ../src/configure -v --with-pkgversion='Ubuntu 4.8.5-4ubuntu2' --with-bugurl=file:///usr/share/doc/gcc-4.8/README.Bugs --enable-languages=c,c++,java,go,d,fortran,objc,obj-c++ --prefix=/usr --program-suffix=-4.8 --enable-shared --enable-linker-build-id --libexecdir=/usr/lib --without-included-gettext --enable-threads=posix --with-gxx-include-dir=/usr/include/c++/4.8 --libdir=/usr/lib --enable-nls --with-sysroot=/ --enable-clocale=gnu --enable-libstdcxx-debug --enable-libstdcxx-time=yes --enable-gnu-unique-object --disable-libmudflap --enable-plugin --with-system-zlib --disable-browser-plugin --enable-java-awt=gtk --enable-gtk-cairo --with-java-home=/usr/lib/jvm/java-1.5.0-gcj-4.8-amd64/jre --enable-java-home --with-jvm-root-dir=/usr/lib/jvm/java-1.5.0-gcj-4.8-amd64 --with-jvm-jar-dir=/usr/lib/jvm-exports/java-1.5.0-gcj-4.8-amd64 --with-arch-directory=amd64 --with-ecj-jar=/usr/share/java/eclipse-ecj.jar --enable-objc-gc --enable-multiarch --disable-werror --with-arch-32=i686 --with-abi=m64 --with-multilib-list=m32,m64,mx32 --with-tune=generic --enable-checking=release --build=x86_64-linux-gnu --host=x86_64-linux-gnu --target=x86_64-linux-gnu
Thread model: posix
gcc version 4.8.5 (Ubuntu 4.8.5-4ubuntu2) 
configure:4803: $? = 0
configure:4792: gcc -V >&5
gcc: error: unrecognized command line option '-V'
gcc: fatal error: no input files
compilation terminated.
configure:4803: $? = 4
configure:4792: gcc -qversion >&5
gcc: error: unrecognized command line option '-qversion'
gcc: fatal error: no input files
compilation terminated.
configure:4803: $? = 4
configure:4807: checking whether we are using the GNU C compiler
configure:4835: result: yes
configure:4844: checking whether gcc accepts -g
configure:4905: result: yes
configure:4922: checking for gcc option to accept ISO C89
configure:4998: result: none needed
configure:5023: checking whether gcc understands -c and -o together
configure:5060: result: yes
configure:5079: checking dependency style of gcc
configure:5190: result: gcc3
configure:5263: checking for g++
configure:5279: found /usr/bin/g++
configure:5290: result: g++
configure:5317: checking for C++ compiler version
configure:5326: g++ --version >&5
g++ (Ubuntu 5.4.0-6ubuntu1~16.04.4) 5.4.0 20160609
Copyright (C) 2015 Free Software Foundation, Inc.
This is free software; see the source for copying conditions.  There is NO
warranty; not even for MERCHANTABILITY or FITNESS FOR A PARTICULAR PURPOSE.

configure:5337: $? = 0
configure:5326: g++ -v >&5
Using built-in specs.
COLLECT_GCC=g++
COLLECT_LTO_WRAPPER=/usr/lib/gcc/x86_64-linux-gnu/5/lto-wrapper
Target: x86_64-linux-gnu
Configured with: ../src/configure -v --with-pkgversion='Ubuntu 5.4.0-6ubuntu1~16.04.4' --with-bugurl=file:///usr/share/doc/gcc-5/README.Bugs --enable-languages=c,ada,c++,java,go,d,fortran,objc,obj-c++ --prefix=/usr --program-suffix=-5 --enable-shared --enable-linker-build-id --libexecdir=/usr/lib --without-included-gettext --enable-threads=posix --libdir=/usr/lib --enable-nls --with-sysroot=/ --enable-clocale=gnu --enable-libstdcxx-debug --enable-libstdcxx-time=yes --with-default-libstdcxx-abi=new --enable-gnu-unique-object --disable-vtable-verify --enable-libmpx --enable-plugin --with-system-zlib --disable-browser-plugin --enable-java-awt=gtk --enable-gtk-cairo --with-java-home=/usr/lib/jvm/java-1.5.0-gcj-5-amd64/jre --enable-java-home --with-jvm-root-dir=/usr/lib/jvm/java-1.5.0-gcj-5-amd64 --with-jvm-jar-dir=/usr/lib/jvm-exports/java-1.5.0-gcj-5-amd64 --with-arch-directory=amd64 --with-ecj-jar=/usr/share/java/eclipse-ecj.jar --enable-objc-gc --enable-multiarch --disable-werror --with-arch-32=i686 --with-abi=m64 --with-multilib-list=m32,m64,mx32 --enable-multilib --with-tune=generic --enable-checking=release --build=x86_64-linux-gnu --host=x86_64-linux-gnu --target=x86_64-linux-gnu
Thread model: posix
gcc version 5.4.0 20160609 (Ubuntu 5.4.0-6ubuntu1~16.04.4) 
configure:5337: $? = 0
configure:5326: g++ -V >&5
g++: error: unrecognized command line option '-V'
g++: fatal error: no input files
compilation terminated.
configure:5337: $? = 1
configure:5326: g++ -qversion >&5
g++: error: unrecognized command line option '-qversion'
g++: fatal error: no input files
compilation terminated.
configure:5337: $? = 1
configure:5341: checking whether we are using the GNU C++ compiler
configure:5360: g++ -c   conftest.cpp >&5
configure:5360: $? = 0
configure:5369: result: yes
configure:5378: checking whether g++ accepts -g
configure:5398: g++ -c -g  conftest.cpp >&5
configure:5398: $? = 0
configure:5439: result: yes
configure:5464: checking dependency style of g++
configure:5575: result: gcc3
configure:5594: checking build system type
configure:5608: result: x86_64-pc-linux-gnu
configure:5628: checking host system type
configure:5641: result: x86_64-pc-linux-gnu
configure:5661: checking for a sed that does not truncate output
configure:5725: result: /bin/sed
configure:5743: checking for fgrep
configure:5805: result: /bin/grep -F
configure:5832: checking how to print strings
configure:5859: result: printf
configure:5892: checking for ld used by gcc
configure:5959: result: /usr/bin/ld
configure:5966: checking if the linker (/usr/bin/ld) is GNU ld
configure:5981: result: yes
configure:6036: checking for BSD- or MS-compatible name lister (nm)
configure:6090: result: /usr/bin/nm -B
configure:6220: checking the name lister (/usr/bin/nm -B) interface
configure:6227: gcc -c -g -O2  conftest.c >&5
configure:6230: /usr/bin/nm -B "conftest.o"
configure:6233: output
0000000000000000 B some_variable
configure:6240: result: BSD nm
configure:6243: checking whether ln -s works
configure:6247: result: yes
configure:6255: checking the maximum length of command line arguments
configure:6386: result: 1572864
configure:6434: checking how to convert x86_64-pc-linux-gnu file names to x86_64-pc-linux-gnu format
configure:6474: result: func_convert_file_noop
configure:6481: checking how to convert x86_64-pc-linux-gnu file names to toolchain format
configure:6501: result: func_convert_file_noop
configure:6508: checking for /usr/bin/ld option to reload object files
configure:6515: result: -r
configure:6589: checking for objdump
configure:6605: found /usr/bin/objdump
configure:6616: result: objdump
configure:6648: checking how to recognize dependent libraries
configure:6848: result: pass_all
configure:6933: checking for dlltool
configure:6963: result: no
configure:6993: checking how to associate runtime and link libraries
configure:7020: result: printf %s\n
configure:7080: checking for ar
configure:7096: found /usr/bin/ar
configure:7107: result: ar
configure:7144: checking for archiver @FILE support
configure:7161: gcc -c -g -O2  conftest.c >&5
configure:7161: $? = 0
configure:7164: ar cru libconftest.a @conftest.lst >&5
ar: `u' modifier ignored since `D' is the default (see `U')
configure:7167: $? = 0
configure:7172: ar cru libconftest.a @conftest.lst >&5
ar: `u' modifier ignored since `D' is the default (see `U')
ar: conftest.o: No such file or directory
configure:7175: $? = 1
configure:7187: result: @
configure:7245: checking for strip
configure:7261: found /usr/bin/strip
configure:7272: result: strip
configure:7344: checking for ranlib
configure:7360: found /usr/bin/ranlib
configure:7371: result: ranlib
configure:7473: checking command to parse /usr/bin/nm -B output from gcc object
configure:7626: gcc -c -g -O2  conftest.c >&5
configure:7629: $? = 0
configure:7633: /usr/bin/nm -B conftest.o \| sed -n -e 's/^.*[ ]\([ABCDGIRSTW][ABCDGIRSTW]*\)[ ][ ]*\([_A-Za-z][_A-Za-z0-9]*\)$/\1 \2 \2/p' | sed '/ __gnu_lto/d' \> conftest.nm
configure:7636: $? = 0
configure:7702: gcc -o conftest -g -O2   conftest.c conftstm.o >&5
configure:7705: $? = 0
configure:7743: result: ok
configure:7790: checking for sysroot
configure:7820: result: no
configure:7827: checking for a working dd
configure:7865: result: /bin/dd
configure:7869: checking how to truncate binary pipes
configure:7884: result: /bin/dd bs=4096 count=1
configure:8020: gcc -c -g -O2  conftest.c >&5
configure:8023: $? = 0
configure:8213: checking for mt
configure:8229: found /bin/mt
configure:8240: result: mt
configure:8263: checking if mt is a manifest tool
configure:8269: mt '-?'
configure:8277: result: no
configure:8951: checking for dlfcn.h
configure:8951: gcc -c -g -O2  conftest.c >&5
configure:8951: $? = 0
configure:8951: result: yes
configure:9218: checking for objdir
configure:9233: result: .libs
configure:9497: checking if gcc supports -fno-rtti -fno-exceptions
configure:9515: gcc -c -g -O2  -fno-rtti -fno-exceptions conftest.c >&5
cc1: warning: command line option '-fno-rtti' is valid for C++/ObjC++ but not for C [enabled by default]
configure:9519: $? = 0
configure:9532: result: no
configure:9890: checking for gcc option to produce PIC
configure:9897: result: -fPIC -DPIC
configure:9905: checking if gcc PIC flag -fPIC -DPIC works
configure:9923: gcc -c -g -O2  -fPIC -DPIC -DPIC conftest.c >&5
configure:9927: $? = 0
configure:9940: result: yes
configure:9969: checking if gcc static flag -static works
configure:9997: result: yes
configure:10012: checking if gcc supports -c -o file.o
configure:10033: gcc -c -g -O2  -o out/conftest2.o conftest.c >&5
configure:10037: $? = 0
configure:10059: result: yes
configure:10067: checking if gcc supports -c -o file.o
configure:10114: result: yes
configure:10147: checking whether the gcc linker (/usr/bin/ld -m elf_x86_64) supports shared libraries
configure:11410: result: yes
configure:11447: checking whether -lc should be explicitly linked in
configure:11455: gcc -c -g -O2  conftest.c >&5
configure:11458: $? = 0
configure:11473: gcc -shared  -fPIC -DPIC conftest.o  -v -Wl,-soname -Wl,conftest -o conftest 2\>\&1 \| /bin/grep  -lc  \>/dev/null 2\>\&1
configure:11476: $? = 0
configure:11490: result: no
configure:11650: checking dynamic linker characteristics
configure:12231: gcc -o conftest -g -O2   -Wl,-rpath -Wl,/foo conftest.c  >&5
configure:12231: $? = 0
configure:12480: result: GNU/Linux ld.so
configure:12602: checking how to hardcode library paths into programs
configure:12627: result: immediate
configure:13175: checking whether stripping libraries is possible
configure:13180: result: yes
configure:13215: checking if libtool supports shared libraries
configure:13217: result: yes
configure:13220: checking whether to build shared libraries
configure:13245: result: yes
configure:13248: checking whether to build static libraries
configure:13252: result: yes
configure:13275: checking how to run the C++ preprocessor
configure:13302: g++ -E  conftest.cpp
configure:13302: $? = 0
configure:13316: g++ -E  conftest.cpp
conftest.cpp:28:28: fatal error: ac_nonexistent.h: No such file or directory
compilation terminated.
configure:13316: $? = 1
configure: failed program was:
| /* confdefs.h */
| #define PACKAGE_NAME "GMAC"
| #define PACKAGE_TARNAME "netgpu"
| #define PACKAGE_VERSION "0.1"
| #define PACKAGE_STRING "GMAC 0.1"
| #define PACKAGE_BUGREPORT "marcdevel@gmail.com"
| #define PACKAGE_URL ""
| #define PACKAGE "netgpu"
| #define VERSION "0.1"
| #define STDC_HEADERS 1
| #define HAVE_SYS_TYPES_H 1
| #define HAVE_SYS_STAT_H 1
| #define HAVE_STDLIB_H 1
| #define HAVE_STRING_H 1
| #define HAVE_MEMORY_H 1
| #define HAVE_STRINGS_H 1
| #define HAVE_INTTYPES_H 1
| #define HAVE_STDINT_H 1
| #define HAVE_UNISTD_H 1
| #define __EXTENSIONS__ 1
| #define _ALL_SOURCE 1
| #define _GNU_SOURCE 1
| #define _POSIX_PTHREAD_SEMANTICS 1
| #define _TANDEM_SOURCE 1
| #define HAVE_DLFCN_H 1
| #define LT_OBJDIR ".libs/"
| /* end confdefs.h.  */
| #include <ac_nonexistent.h>
configure:13341: result: g++ -E
configure:13361: g++ -E  conftest.cpp
configure:13361: $? = 0
configure:13375: g++ -E  conftest.cpp
conftest.cpp:28:28: fatal error: ac_nonexistent.h: No such file or directory
compilation terminated.
configure:13375: $? = 1
configure: failed program was:
| /* confdefs.h */
| #define PACKAGE_NAME "GMAC"
| #define PACKAGE_TARNAME "netgpu"
| #define PACKAGE_VERSION "0.1"
| #define PACKAGE_STRING "GMAC 0.1"
| #define PACKAGE_BUGREPORT "marcdevel@gmail.com"
| #define PACKAGE_URL ""
| #define PACKAGE "netgpu"
| #define VERSION "0.1"
| #define STDC_HEADERS 1
| #define HAVE_SYS_TYPES_H 1
| #define HAVE_SYS_STAT_H 1
| #define HAVE_STDLIB_H 1
| #define HAVE_STRING_H 1
| #define HAVE_MEMORY_H 1
| #define HAVE_STRINGS_H 1
| #define HAVE_INTTYPES_H 1
| #define HAVE_STDINT_H 1
| #define HAVE_UNISTD_H 1
| #define __EXTENSIONS__ 1
| #define _ALL_SOURCE 1
| #define _GNU_SOURCE 1
| #define _POSIX_PTHREAD_SEMANTICS 1
| #define _TANDEM_SOURCE 1
| #define HAVE_DLFCN_H 1
| #define LT_OBJDIR ".libs/"
| /* end confdefs.h.  */
| #include <ac_nonexistent.h>
configure:13537: checking for ld used by g++
configure:13604: result: /usr/bin/ld -m elf_x86_64
configure:13611: checking if the linker (/usr/bin/ld -m elf_x86_64) is GNU ld
configure:13626: result: yes
configure:13681: checking whether the g++ linker (/usr/bin/ld -m elf_x86_64) supports shared libraries
configure:14754: result: yes
configure:14790: g++ -c -g -O2  conftest.cpp >&5
configure:14793: $? = 0
configure:15274: checking for g++ option to produce PIC
configure:15281: result: -fPIC -DPIC
configure:15289: checking if g++ PIC flag -fPIC -DPIC works
configure:15307: g++ -c -g -O2  -fPIC -DPIC -DPIC conftest.cpp >&5
configure:15311: $? = 0
configure:15324: result: yes
configure:15347: checking if g++ static flag -static works
configure:15375: result: yes
configure:15387: checking if g++ supports -c -o file.o
configure:15408: g++ -c -g -O2  -o out/conftest2.o conftest.cpp >&5
configure:15412: $? = 0
configure:15434: result: yes
configure:15439: checking if g++ supports -c -o file.o
configure:15486: result: yes
configure:15516: checking whether the g++ linker (/usr/bin/ld -m elf_x86_64) supports shared libraries
configure:15559: result: yes
configure:15700: checking dynamic linker characteristics
configure:16457: result: GNU/Linux ld.so
configure:16522: checking how to hardcode library paths into programs
configure:16547: result: immediate
configure:16612: checking for nvcc
configure:16630: found /usr/local/cuda-7.5/bin/nvcc
configure:16642: result: /usr/local/cuda-7.5/bin/nvcc
configure:16661: checking for g++
configure:16679: found /usr/bin/g++
configure:16691: result: /usr/bin/g++
configure:16704: checking whether to enable debug mode
configure:16724: result: no
configure:16729: checking whether to enable profiling mode
configure:16747: result: no
configure:16901: checking that generated files are newer than configure
configure:16907: result: done
configure:16938: creating ./config.status

## ---------------------- ##
## Running config.status. ##
## ---------------------- ##

This file was extended by GMAC config.status 0.1, which was
generated by GNU Autoconf 2.69.  Invocation command line was

  CONFIG_FILES    = 
  CONFIG_HEADERS  = 
  CONFIG_LINKS    = 
  CONFIG_COMMANDS = 
  $ ./config.status 

on M8

config.status:1088: creating Makefile
config.status:1088: creating src/Makefile
config.status:1088: creating src/Common/Makefile
config.status:1088: creating src/Common/Protocols/Makefile
config.status:1088: creating src/Scheduler/Makefile
config.status:1088: creating src/PacketFeeders/Makefile
config.status:1088: creating src/PreAnalyzer/Makefile
config.status:1088: creating src/Analysis/Makefile
config.status:1088: creating src/Analysis/Modules/Makefile
config.status:1088: creating src/Analysis/Libs/Makefile
config.status:1088: creating src/Analysis/Libs/Gpu/Makefile
config.status:1088: creating src/Analysis/Libs/Gpu/Macros/Makefile
config.status:1088: creating src/Analysis/Libs/Host/Makefile
config.status:1088: creating src/Analysis/Libs/Host/Database/Makefile
config.status:1088: creating src/Analysis/Libs/Host/GpuMemoryManagement/Makefile
config.status:1088: creating src/Tools/Makefile
config.status:1260: executing depfiles commands
config.status:1260: executing libtool commands

## ---------------- ##
## Cache variables. ##
## ---------------- ##

ac_cv_build=x86_64-pc-linux-gnu
ac_cv_c_compiler_gnu=yes
ac_cv_cxx_compiler_gnu=yes
ac_cv_env_CCC_set=
ac_cv_env_CCC_value=
ac_cv_env_CC_set=
ac_cv_env_CC_value=
ac_cv_env_CFLAGS_set=
ac_cv_env_CFLAGS_value=
ac_cv_env_CPPFLAGS_set=
ac_cv_env_CPPFLAGS_value=
ac_cv_env_CPP_set=
ac_cv_env_CPP_value=
ac_cv_env_CXXCPP_set=
ac_cv_env_CXXCPP_value=
ac_cv_env_CXXFLAGS_set=
ac_cv_env_CXXFLAGS_value=
ac_cv_env_CXX_set=
ac_cv_env_CXX_value=
ac_cv_env_LDFLAGS_set=
ac_cv_env_LDFLAGS_value=
ac_cv_env_LIBS_set=
ac_cv_env_LIBS_value=
ac_cv_env_LT_SYS_LIBRARY_PATH_set=
ac_cv_env_LT_SYS_LIBRARY_PATH_value=
ac_cv_env_build_alias_set=
ac_cv_env_build_alias_value=
ac_cv_env_host_alias_set=
ac_cv_env_host_alias_value=
ac_cv_env_target_alias_set=
ac_cv_env_target_alias_value=
ac_cv_header_dlfcn_h=yes
ac_cv_header_inttypes_h=yes
ac_cv_header_memory_h=yes
ac_cv_header_minix_config_h=no
ac_cv_header_stdc=yes
ac_cv_header_stdint_h=yes
ac_cv_header_stdlib_h=yes
ac_cv_header_string_h=yes
ac_cv_header_strings_h=yes
ac_cv_header_sys_stat_h=yes
ac_cv_header_sys_types_h=yes
ac_cv_header_unistd_h=yes
ac_cv_host=x86_64-pc-linux-gnu
ac_cv_objext=o
ac_cv_path_EGREP='/bin/grep -E'
ac_cv_path_FGREP='/bin/grep -F'
ac_cv_path_GPLUSPLUS=/usr/bin/g++
ac_cv_path_GREP=/bin/grep
ac_cv_path_NVCC=/usr/local/cuda-7.5/bin/nvcc
ac_cv_path_SED=/bin/sed
ac_cv_path_install='/usr/bin/install -c'
ac_cv_path_lt_DD=/bin/dd
ac_cv_path_mkdir=/bin/mkdir
ac_cv_prog_AWK=mawk
ac_cv_prog_CPP='gcc -E'
ac_cv_prog_CXXCPP='g++ -E'
ac_cv_prog_ac_ct_AR=ar
ac_cv_prog_ac_ct_CC=gcc
ac_cv_prog_ac_ct_CXX=g++
ac_cv_prog_ac_ct_MANIFEST_TOOL=mt
ac_cv_prog_ac_ct_OBJDUMP=objdump
ac_cv_prog_ac_ct_RANLIB=ranlib
ac_cv_prog_ac_ct_STRIP=strip
ac_cv_prog_cc_c89=
ac_cv_prog_cc_g=yes
ac_cv_prog_cxx_g=yes
ac_cv_prog_make_make_set=yes
ac_cv_safe_to_define___extensions__=yes
am_cv_CC_dependencies_compiler_type=gcc3
am_cv_CXX_dependencies_compiler_type=gcc3
am_cv_make_support_nested_variables=yes
am_cv_prog_cc_c_o=yes
lt_cv_ar_at_file=@
lt_cv_archive_cmds_need_lc=no
lt_cv_deplibs_check_method=pass_all
lt_cv_file_magic_cmd='$MAGIC_CMD'
lt_cv_file_magic_test_file=
lt_cv_ld_reload_flag=-r
lt_cv_nm_interface='BSD nm'
lt_cv_objdir=.libs
lt_cv_path_LD=/usr/bin/ld
lt_cv_path_LDCXX='/usr/bin/ld -m elf_x86_64'
lt_cv_path_NM='/usr/bin/nm -B'
lt_cv_path_mainfest_tool=no
lt_cv_prog_compiler_c_o=yes
lt_cv_prog_compiler_c_o_CXX=yes
lt_cv_prog_compiler_pic='-fPIC -DPIC'
lt_cv_prog_compiler_pic_CXX='-fPIC -DPIC'
lt_cv_prog_compiler_pic_works=yes
lt_cv_prog_compiler_pic_works_CXX=yes
lt_cv_prog_compiler_rtti_exceptions=no
lt_cv_prog_compiler_static_works=yes
lt_cv_prog_compiler_static_works_CXX=yes
lt_cv_prog_gnu_ld=yes
lt_cv_prog_gnu_ldcxx=yes
lt_cv_sharedlib_from_linklib_cmd='printf %s\n'
lt_cv_shlibpath_overrides_runpath=no
lt_cv_sys_global_symbol_pipe='sed -n -e '\''s/^.*[	 ]\([ABCDGIRSTW][ABCDGIRSTW]*\)[	 ][	 ]*\([_A-Za-z][_A-Za-z0-9]*\)$/\1 \2 \2/p'\'' | sed '\''/ __gnu_lto/d'\'''
lt_cv_sys_global_symbol_to_c_name_address='sed -n -e '\''s/^: \(.*\) .*$/  {"\1", (void *) 0},/p'\'' -e '\''s/^[ABCDGIRSTW][ABCDGIRSTW]* .* \(.*\)$/  {"\1", (void *) \&\1},/p'\'''
lt_cv_sys_global_symbol_to_c_name_address_lib_prefix='sed -n -e '\''s/^: \(.*\) .*$/  {"\1", (void *) 0},/p'\'' -e '\''s/^[ABCDGIRSTW][ABCDGIRSTW]* .* \(lib.*\)$/  {"\1", (void *) \&\1},/p'\'' -e '\''s/^[ABCDGIRSTW][ABCDGIRSTW]* .* \(.*\)$/  {"lib\1", (void *) \&\1},/p'\'''
lt_cv_sys_global_symbol_to_cdecl='sed -n -e '\''s/^T .* \(.*\)$/extern int \1();/p'\'' -e '\''s/^[ABCDGIRSTW][ABCDGIRSTW]* .* \(.*\)$/extern char \1;/p'\'''
lt_cv_sys_global_symbol_to_import=
lt_cv_sys_max_cmd_len=1572864
lt_cv_to_host_file_cmd=func_convert_file_noop
lt_cv_to_tool_file_cmd=func_convert_file_noop
lt_cv_truncate_bin='/bin/dd bs=4096 count=1'

## ----------------- ##
## Output variables. ##
## ----------------- ##

ACLOCAL='${SHELL} /home/karthik/netgpu/netgpu-master/missing aclocal-1.15'
AMDEPBACKSLASH='\'
AMDEP_FALSE='#'
AMDEP_TRUE=''
AMTAR='$${TAR-tar}'
AM_BACKSLASH='\'
AM_DEFAULT_V='$(AM_DEFAULT_VERBOSITY)'
AM_DEFAULT_VERBOSITY='1'
AM_V='$(V)'
AR='ar'
AUTOCONF='${SHELL} /home/karthik/netgpu/netgpu-master/missing autoconf'
AUTOHEADER='${SHELL} /home/karthik/netgpu/netgpu-master/missing autoheader'
AUTOMAKE='${SHELL} /home/karthik/netgpu/netgpu-master/missing automake-1.15'
AWK='mawk'
CC='gcc'
CCDEPMODE='depmode=gcc3'
CFLAGS='-O3 --compiler-options -fno-strict-aliasing --compiler-options -fno-inline --compiler-bindir=/usr/bin/g++'
CPP='gcc -E'
CPPFLAGS=''
CUDA_DIR='/usr/local/cuda-7.5/bin/..'
CXX='g++'
CXXCPP='g++ -E'
CXXDEPMODE='depmode=gcc3'
CXXFLAGS='-O3 -fomit-frame-pointer'
CYGPATH_W='echo'
DEFS='-DPACKAGE_NAME=\"GMAC\" -DPACKAGE_TARNAME=\"netgpu\" -DPACKAGE_VERSION=\"0.1\" -DPACKAGE_STRING=\"GMAC\ 0.1\" -DPACKAGE_BUGREPORT=\"marcdevel@gmail.com\" -DPACKAGE_URL=\"\" -DPACKAGE=\"netgpu\" -DVERSION=\"0.1\" -DSTDC_HEADERS=1 -DHAVE_SYS_TYPES_H=1 -DHAVE_SYS_STAT_H=1 -DHAVE_STDLIB_H=1 -DHAVE_STRING_H=1 -DHAVE_MEMORY_H=1 -DHAVE_STRINGS_H=1 -DHAVE_INTTYPES_H=1 -DHAVE_STDINT_H=1 -DHAVE_UNISTD_H=1 -D__EXTENSIONS__=1 -D_ALL_SOURCE=1 -D_GNU_SOURCE=1 -D_POSIX_PTHREAD_SEMANTICS=1 -D_TANDEM_SOURCE=1 -DHAVE_DLFCN_H=1 -DLT_OBJDIR=\".libs/\" -DHAVE_CUDA=1'
DEPDIR='.deps'
DLLTOOL='false'
DSYMUTIL=''
DUMPBIN=''
ECHO_C=''
ECHO_N='-n'
ECHO_T=''
EGREP='/bin/grep -E'
EXEEXT=''
FGREP='/bin/grep -F'
GPLUSPLUS='/usr/bin/g++'
GREP='/bin/grep'
INSTALL_DATA='${INSTALL} -m 644'
INSTALL_PROGRAM='${INSTALL}'
INSTALL_SCRIPT='${INSTALL}'
INSTALL_STRIP_PROGRAM='$(install_sh) -c -s'
LD='/usr/bin/ld -m elf_x86_64'
LDFLAGS=''
LIBOBJS=''
LIBS=''
LIBTOOL='$(SHELL) $(top_builddir)/libtool'
LIPO=''
LN_S='ln -s'
LTLIBOBJS=''
LT_SYS_LIBRARY_PATH=''
MAKEINFO='${SHELL} /home/karthik/netgpu/netgpu-master/missing makeinfo'
MANIFEST_TOOL=':'
MKDIR_P='/bin/mkdir -p'
NM='/usr/bin/nm -B'
NMEDIT=''
NVCC='/usr/local/cuda-7.5/bin/nvcc'
OBJDUMP='objdump'
OBJEXT='o'
OTOOL64=''
OTOOL=''
PACKAGE='netgpu'
PACKAGE_BUGREPORT='marcdevel@gmail.com'
PACKAGE_NAME='GMAC'
PACKAGE_STRING='GMAC 0.1'
PACKAGE_TARNAME='netgpu'
PACKAGE_URL=''
PACKAGE_VERSION='0.1'
PATH_SEPARATOR=':'
RANLIB='ranlib'
SED='/bin/sed'
SET_MAKE=''
SHELL='/bin/bash'
STRIP='strip'
VERSION='0.1'
ac_ct_AR='ar'
ac_ct_CC='gcc'
ac_ct_CXX='g++'
ac_ct_DUMPBIN=''
am__EXEEXT_FALSE=''
am__EXEEXT_TRUE='#'
am__fastdepCC_FALSE='#'
am__fastdepCC_TRUE=''
am__fastdepCXX_FALSE='#'
am__fastdepCXX_TRUE=''
am__include='include'
am__isrc=''
am__leading_dot='.'
am__nodep='_no'
am__quote=''
am__tar='$${TAR-tar} chof - "$$tardir"'
am__untar='$${TAR-tar} xf -'
bindir='${exec_prefix}/bin'
build='x86_64-pc-linux-gnu'
build_alias=''
build_cpu='x86_64'
build_os='linux-gnu'
build_vendor='pc'
datadir='${datarootdir}'
datarootdir='${prefix}/share'
docdir='${datarootdir}/doc/${PACKAGE_TARNAME}'
dvidir='${docdir}'
exec_prefix='${prefix}'
host='x86_64-pc-linux-gnu'
host_alias=''
host_cpu='x86_64'
host_os='linux-gnu'
host_vendor='pc'
htmldir='${docdir}'
includedir='${prefix}/include'
infodir='${datarootdir}/info'
install_sh='${SHELL} /home/karthik/netgpu/netgpu-master/install-sh'
libdir='${exec_prefix}/lib'
libexecdir='${exec_prefix}/libexec'
localedir='${datarootdir}/locale'
localstatedir='${prefix}/var'
mandir='${datarootdir}/man'
mkdir_p='$(MKDIR_P)'
oldincludedir='/usr/include'
pdfdir='${docdir}'
prefix='/usr/local'
program_transform_name='s,x,x,'
psdir='${docdir}'
runstatedir='${localstatedir}/run'
sbindir='${exec_prefix}/sbin'
sharedstatedir='${prefix}/com'
sysconfdir='${prefix}/etc'
target_alias=''

## ----------- ##
## confdefs.h. ##
## ----------- ##

/* confdefs.h */
#define PACKAGE_NAME "GMAC"
#define PACKAGE_TARNAME "netgpu"
#define PACKAGE_VERSION "0.1"
#define PACKAGE_STRING "GMAC 0.1"
#define PACKAGE_BUGREPORT "marcdevel@gmail.com"
#define PACKAGE_URL ""
#define PACKAGE "netgpu"
#define VERSION "0.1"
#define STDC_HEADERS 1
#define HAVE_SYS_TYPES_H 1
#define HAVE_SYS_STAT_H 1
#define HAVE_STDLIB_H 1
#define HAVE_STRING_H 1
#define HAVE_MEMORY_H 1
#define HAVE_STRINGS_H 1
#define HAVE_INTTYPES_H 1
#define HAVE_STDINT_H 1
#define HAVE_UNISTD_H 1
#define __EXTENSIONS__ 1
#define _ALL_SOURCE 1
#define _GNU_SOURCE 1
#define _POSIX_PTHREAD_SEMANTICS 1
#define _TANDEM_SOURCE 1
#define HAVE_DLFCN_H 1
#define LT_OBJDIR ".libs/"
#define HAVE_CUDA 1

configure: exit 0
